0 info it worked if it ends with ok
1 verbose cli [ 'node', '/usr/local/bin/npm', 'install' ]
2 info using npm@1.3.24
3 info using node@v0.10.25
4 verbose readDependencies using package.json deps
5 verbose install where, deps [ '/Users/thiagoporto/Projetos/aulas/waibtec',
5 verbose install   [ 'express', 'express-load', 'jade', 'mongoose', 'express-flash' ] ]
6 info preinstall waibtec@0.0.1
7 verbose readDependencies using package.json deps
8 verbose already installed skipping mongoose@* /Users/thiagoporto/Projetos/aulas/waibtec
9 verbose already installed skipping express-flash@* /Users/thiagoporto/Projetos/aulas/waibtec
10 verbose already installed skipping express@3.4.7 /Users/thiagoporto/Projetos/aulas/waibtec
11 verbose already installed skipping express-load@* /Users/thiagoporto/Projetos/aulas/waibtec
12 verbose cache add [ 'jade@*', null ]
13 verbose cache add name=undefined spec="jade@*" args=["jade@*",null]
14 verbose parsed url { protocol: null,
14 verbose parsed url   slashes: null,
14 verbose parsed url   auth: null,
14 verbose parsed url   host: null,
14 verbose parsed url   port: null,
14 verbose parsed url   hostname: null,
14 verbose parsed url   hash: null,
14 verbose parsed url   search: null,
14 verbose parsed url   query: null,
14 verbose parsed url   pathname: 'jade@*',
14 verbose parsed url   path: 'jade@*',
14 verbose parsed url   href: 'jade@*' }
15 verbose cache add name="jade" spec="*" args=["jade","*"]
16 verbose parsed url { protocol: null,
16 verbose parsed url   slashes: null,
16 verbose parsed url   auth: null,
16 verbose parsed url   host: null,
16 verbose parsed url   port: null,
16 verbose parsed url   hostname: null,
16 verbose parsed url   hash: null,
16 verbose parsed url   search: null,
16 verbose parsed url   query: null,
16 verbose parsed url   pathname: '*',
16 verbose parsed url   path: '*',
16 verbose parsed url   href: '*' }
17 verbose addNamed [ 'jade', '*' ]
18 verbose addNamed [ null, '*' ]
19 silly lockFile ad03ed78-jade jade@*
20 verbose lock jade@* /Users/thiagoporto/.npm/ad03ed78-jade.lock
21 silly addNameRange { name: 'jade', range: '*', hasData: false }
22 verbose url raw jade
23 verbose url resolving [ 'https://registry.npmjs.org/', './jade' ]
24 verbose url resolved https://registry.npmjs.org/jade
25 info trying registry request attempt 1 at 20:37:36
26 verbose etag "9YYEJRMC2MZL4NTSUWVD93JP"
27 http GET https://registry.npmjs.org/jade
28 http 304 https://registry.npmjs.org/jade
29 silly registry.get cb [ 304,
29 silly registry.get   { date: 'Sat, 19 Apr 2014 23:37:43 GMT',
29 silly registry.get     server: 'Apache',
29 silly registry.get     via: '1.1 varnish',
29 silly registry.get     'last-modified': 'Sat, 19 Apr 2014 23:37:44 GMT',
29 silly registry.get     'cache-control': 'max-age=1',
29 silly registry.get     etag: '"9YYEJRMC2MZL4NTSUWVD93JP"',
29 silly registry.get     'x-served-by': 'cache-v42-ASH',
29 silly registry.get     'x-cache': 'MISS',
29 silly registry.get     'x-cache-hits': '0',
29 silly registry.get     'x-timer': 'S1397950663.940746069,VS0,VE77',
29 silly registry.get     vary: 'Accept',
29 silly registry.get     'content-length': '0',
29 silly registry.get     'keep-alive': 'timeout=10, max=50',
29 silly registry.get     connection: 'Keep-Alive' } ]
30 verbose etag jade from cache
31 silly addNameRange number 2 { name: 'jade', range: '*', hasData: true }
32 silly addNameRange versions [ 'jade',
32 silly addNameRange   [ '0.0.1',
32 silly addNameRange     '0.0.2',
32 silly addNameRange     '0.1.0',
32 silly addNameRange     '0.2.0',
32 silly addNameRange     '0.2.1',
32 silly addNameRange     '0.2.2',
32 silly addNameRange     '0.2.3',
32 silly addNameRange     '0.2.4',
32 silly addNameRange     '0.3.0',
32 silly addNameRange     '0.4.0',
32 silly addNameRange     '0.4.1',
32 silly addNameRange     '0.5.0',
32 silly addNameRange     '0.5.1',
32 silly addNameRange     '0.5.2',
32 silly addNameRange     '0.5.3',
32 silly addNameRange     '0.5.4',
32 silly addNameRange     '0.5.5',
32 silly addNameRange     '0.5.6',
32 silly addNameRange     '0.5.7',
32 silly addNameRange     '0.6.0',
32 silly addNameRange     '0.6.1',
32 silly addNameRange     '0.6.3',
32 silly addNameRange     '0.7.0',
32 silly addNameRange     '0.7.1',
32 silly addNameRange     '0.8.0',
32 silly addNameRange     '0.8.1',
32 silly addNameRange     '0.8.2',
32 silly addNameRange     '0.8.3',
32 silly addNameRange     '0.8.4',
32 silly addNameRange     '0.8.5',
32 silly addNameRange     '0.8.6',
32 silly addNameRange     '0.8.7',
32 silly addNameRange     '0.8.8',
32 silly addNameRange     '0.8.9',
32 silly addNameRange     '0.9.0',
32 silly addNameRange     '0.9.1',
32 silly addNameRange     '0.9.2',
32 silly addNameRange     '0.9.3',
32 silly addNameRange     '0.10.0',
32 silly addNameRange     '0.10.1',
32 silly addNameRange     '0.10.2',
32 silly addNameRange     '0.10.3',
32 silly addNameRange     '0.10.4',
32 silly addNameRange     '0.10.5',
32 silly addNameRange     '0.10.6',
32 silly addNameRange     '0.10.7',
32 silly addNameRange     '0.11.0',
32 silly addNameRange     '0.11.1',
32 silly addNameRange     '0.12.0',
32 silly addNameRange     '0.12.1',
32 silly addNameRange     '0.12.2',
32 silly addNameRange     '0.12.3',
32 silly addNameRange     '0.12.4',
32 silly addNameRange     '0.13.0',
32 silly addNameRange     '0.14.0',
32 silly addNameRange     '0.14.1',
32 silly addNameRange     '0.14.2',
32 silly addNameRange     '0.15.0',
32 silly addNameRange     '0.15.1',
32 silly addNameRange     '0.15.2',
32 silly addNameRange     '0.15.3',
32 silly addNameRange     '0.15.4',
32 silly addNameRange     '0.16.0',
32 silly addNameRange     '0.16.1',
32 silly addNameRange     '0.16.2',
32 silly addNameRange     '0.16.3',
32 silly addNameRange     '0.16.4',
32 silly addNameRange     '0.17.0',
32 silly addNameRange     '0.18.0',
32 silly addNameRange     '0.19.0',
32 silly addNameRange     '0.20.0',
32 silly addNameRange     '0.20.1',
32 silly addNameRange     '0.20.2',
32 silly addNameRange     '0.20.3',
32 silly addNameRange     '0.21.0',
32 silly addNameRange     '0.22.0',
32 silly addNameRange     '0.22.1',
32 silly addNameRange     '0.23.0',
32 silly addNameRange     '0.24.0',
32 silly addNameRange     '0.25.0',
32 silly addNameRange     '0.26.0',
32 silly addNameRange     '0.26.1',
32 silly addNameRange     '0.26.2',
32 silly addNameRange     '0.26.3',
32 silly addNameRange     '0.27.0',
32 silly addNameRange     '0.27.1',
32 silly addNameRange     '0.27.2',
32 silly addNameRange     '0.27.3',
32 silly addNameRange     '0.27.4',
32 silly addNameRange     '0.27.5',
32 silly addNameRange     '0.27.6',
32 silly addNameRange     '0.27.7',
32 silly addNameRange     '0.28.0',
32 silly addNameRange     '0.28.1',
32 silly addNameRange     '0.28.2',
32 silly addNameRange     '0.29.0',
32 silly addNameRange     '0.30.0',
32 silly addNameRange     '0.31.0',
32 silly addNameRange     '0.31.1',
32 silly addNameRange     '0.31.2',
32 silly addNameRange     '0.32.0',
32 silly addNameRange     '0.33.0',
32 silly addNameRange     '0.34.0',
32 silly addNameRange     '0.34.1',
32 silly addNameRange     '0.35.0',
32 silly addNameRange     '1.0.0',
32 silly addNameRange     '1.0.1',
32 silly addNameRange     '1.0.2',
32 silly addNameRange     '1.1.0',
32 silly addNameRange     '1.1.1',
32 silly addNameRange     '1.1.2',
32 silly addNameRange     '1.1.3',
32 silly addNameRange     '1.1.4',
32 silly addNameRange     '1.1.5',
32 silly addNameRange     '1.2.0',
32 silly addNameRange     '1.3.0',
32 silly addNameRange     '1.3.1' ] ]
33 verbose addNamed [ 'jade', '1.3.1' ]
34 verbose addNamed [ '1.3.1', '1.3.1' ]
35 silly lockFile 7666cb91-jade-1-3-1 jade@1.3.1
36 verbose lock jade@1.3.1 /Users/thiagoporto/.npm/7666cb91-jade-1-3-1.lock
37 silly lockFile 7666cb91-jade-1-3-1 jade@1.3.1
38 silly lockFile 7666cb91-jade-1-3-1 jade@1.3.1
39 silly lockFile ad03ed78-jade jade@*
40 silly lockFile ad03ed78-jade jade@*
41 silly resolved [ { name: 'jade',
41 silly resolved     description: 'Jade template engine',
41 silly resolved     version: '1.3.1',
41 silly resolved     author: { name: 'TJ Holowaychuk', email: 'tj@vision-media.ca' },
41 silly resolved     license: 'MIT',
41 silly resolved     repository: { type: 'git', url: 'git://github.com/visionmedia/jade' },
41 silly resolved     main: './index.js',
41 silly resolved     bin: { jade: './bin/jade.js' },
41 silly resolved     man: [ './jade.1' ],
41 silly resolved     dependencies:
41 silly resolved      { commander: '2.1.0',
41 silly resolved        mkdirp: '~0.3.5',
41 silly resolved        transformers: '2.1.0',
41 silly resolved        'character-parser': '1.2.0',
41 silly resolved        monocle: '1.1.51',
41 silly resolved        with: '~3.0.0',
41 silly resolved        constantinople: '~2.0.0' },
41 silly resolved     devDependencies:
41 silly resolved      { 'coffee-script': '*',
41 silly resolved        mocha: '*',
41 silly resolved        istanbul: '*',
41 silly resolved        markdown: '*',
41 silly resolved        stylus: '*',
41 silly resolved        should: '*',
41 silly resolved        less: '*',
41 silly resolved        'uglify-js': '*',
41 silly resolved        browserify: '*',
41 silly resolved        linify: '*' },
41 silly resolved     component: { scripts: [Object] },
41 silly resolved     scripts:
41 silly resolved      { test: 'mocha -R spec && npm run coverage',
41 silly resolved        coverage: 'istanbul cover node_modules/mocha/bin/_mocha',
41 silly resolved        prepublish: 'npm prune && linify transform bin && npm run build',
41 silly resolved        build: 'npm run compile',
41 silly resolved        compile: 'npm run compile-full && npm run compile-runtime',
41 silly resolved        'compile-full': 'browserify ./lib/jade.js --standalone jade -x ./node_modules/transformers > jade.js',
41 silly resolved        'compile-runtime': 'browserify ./lib/runtime.js --standalone jade > runtime.js' },
41 silly resolved     browser: { './lib/filters.js': './lib/filters-client.js' },
41 silly resolved     readme: '# [![Jade - template engine ](http://i.imgur.com/5zf2aVt.png)](http://jade-lang.com/)\n\nFull documentation is at [jade-lang.com](http://jade-lang.com/)\n\n Jade is a high performance template engine heavily influenced by [Haml](http://haml-lang.com)\n and implemented with JavaScript for [node](http://nodejs.org). For discussion join the [Google Group](http://groups.google.com/group/jadejs).\n\n You can test drive Jade online [here](http://naltatis.github.com/jade-syntax-docs).\n\n [![Build Status](https://travis-ci.org/visionmedia/jade.png?branch=master)](https://travis-ci.org/visionmedia/jade)\n [![Dependency Status](https://gemnasium.com/visionmedia/jade.png)](https://gemnasium.com/visionmedia/jade)\n [![NPM version](https://badge.fury.io/js/jade.png)](http://badge.fury.io/js/jade)\n\n## Installation\n\nvia npm:\n\n```bash\n$ npm install jade\n```\n\n## Syntax\n\nJade is a clean, whitespace sensitive syntax for writing html.  Here is a simple example:\n\n```jade\ndoctype html\nhtml(lang="en")\n  head\n    title= pageTitle\n    script(type=\'text/javascript\').\n      if (foo) bar(1 + 5)\n  body\n    h1 Jade - node template engine\n    #container.col\n      if youAreUsingJade\n        p You are amazing\n      else\n        p Get on it!\n      p.\n        Jade is a terse and simple templating language with a\n        strong focus on performance and powerful features.\n```\n\nbecomes\n\n\n```html\n<!DOCTYPE html>\n<html lang="en">\n  <head>\n    <title>Jade</title>\n    <script type="text/javascript">\n      if (foo) bar(1 + 5)\n    </script>\n  </head>\n  <body>\n    <h1>Jade - node template engine</h1>\n    <div id="container" class="col">\n      <p>You are amazing</p>\n      <p>Jade is a terse and simple templating language with a strong focus on performance and powerful features.</p>\n    </div>\n  </body>\n</html>\n```\n\nThe official [jade tutorial](http://jade-lang.com/tutorial/) is a great place to start.  While that (and the syntax documentation) is being finished, you can view some of the old documentation [here](https://github.com/visionmedia/jade/blob/master/jade.md) and [here](https://github.com/visionmedia/jade/blob/master/jade-language.md)\n\n## API\n\nFor full API, see [jade-lang.com/api](http://jade-lang.com/api/)\n\n```js\nvar jade = require(\'jade\');\n\n// compile\nvar fn = jade.compile(\'string of jade\', options);\nvar html = fn(locals);\n\n// render\nvar html = jade.render(\'string of jade\', merge(options, locals));\n\n// renderFile\nvar html = jade.renderFile(\'filename.jade\', merge(options, locals));\n```\n\n### Options\n\n - `filename`  Used in exceptions, and required when using includes\n - `compileDebug`  When `false` no debug instrumentation is compiled\n - `pretty`    Add pretty-indentation whitespace to output _(false by default)_\n\n## Browser Support\n\n The latest version of jade can be download for the browser in standalone form from [here](https://github.com/visionmedia/jade/raw/master/jade.js).  It only supports the very latest browsers though, and is a large file.  It is recommended that you pre-compile your jade templates to JavaScript and then just use the [runtime.js](https://github.com/visionmedia/jade/raw/master/runtime.js) library on the client.\n\n To compile a template for use on the client using the command line, do:\n\n```console\n$ jade --client --no-debug filename.jade\n```\n\nwhich will produce `filename.js` containing the compiled template.\n\n## Command Line\n\nAfter installing the latest version of [node](http://nodejs.org/), install with:\n\n```console\n$ npm install jade -g\n```\n\nand run with\n\n```console\n$ jade --help\n```\n\n## Additional Resources\n\nTutorials:\n\n  - cssdeck interactive [Jade syntax tutorial](http://cssdeck.com/labs/learning-the-jade-templating-engine-syntax)\n  - cssdeck interactive [Jade logic tutorial](http://cssdeck.com/labs/jade-templating-tutorial-codecast-part-2)\n  - [Jade について。](https://gist.github.com/japboy/5402844) (A Japanese Tutorial)\n\n\nImplementations in other languages:\n\n  - [php](http://github.com/everzet/jade.php)\n  - [scala](http://scalate.fusesource.org/versions/snapshot/documentation/scaml-reference.html)\n  - [ruby](https://github.com/slim-template/slim)\n  - [python](https://github.com/SyrusAkbary/pyjade)\n  - [java](https://github.com/neuland/jade4j)\n\nOther:\n\n  - [Emacs Mode](https://github.com/brianc/jade-mode)\n  - [Vim Syntax](https://github.com/digitaltoad/vim-jade)\n  - [TextMate Bundle](http://github.com/miksago/jade-tmbundle)\n  - [Coda/SubEtha syntax Mode](https://github.com/aaronmccall/jade.mode)\n  - [Screencasts](http://tjholowaychuk.com/post/1004255394/jade-screencast-template-engine-for-nodejs)\n  - [html2jade](https://github.com/donpark/html2jade) converter\n\n## License\n\nMIT\n',
41 silly resolved     readmeFilename: 'README.md',
41 silly resolved     bugs: { url: 'https://github.com/visionmedia/jade/issues' },
41 silly resolved     homepage: 'https://github.com/visionmedia/jade',
41 silly resolved     _id: 'jade@1.3.1',
41 silly resolved     _from: 'jade@*' } ]
42 info install jade@1.3.1 into /Users/thiagoporto/Projetos/aulas/waibtec
43 info installOne jade@1.3.1
44 info /Users/thiagoporto/Projetos/aulas/waibtec/node_modules/jade unbuild
45 info /Users/thiagoporto/Projetos/aulas/waibtec/node_modules/jade unbuild
46 error error rolling back Error: EACCES, unlink '/Users/thiagoporto/Projetos/aulas/waibtec/node_modules/jade/node_modules/constantinople/node_modules/.bin/uglifyjs'
46 error error rolling back  jade@1.3.1 { [Error: EACCES, unlink '/Users/thiagoporto/Projetos/aulas/waibtec/node_modules/jade/node_modules/constantinople/node_modules/.bin/uglifyjs']
46 error error rolling back   errno: 3,
46 error error rolling back   code: 'EACCES',
46 error error rolling back   path: '/Users/thiagoporto/Projetos/aulas/waibtec/node_modules/jade/node_modules/constantinople/node_modules/.bin/uglifyjs' }
47 error Error: EACCES, unlink '/Users/thiagoporto/Projetos/aulas/waibtec/node_modules/jade/node_modules/constantinople/node_modules/.bin/uglifyjs'
47 error  { [Error: EACCES, unlink '/Users/thiagoporto/Projetos/aulas/waibtec/node_modules/jade/node_modules/constantinople/node_modules/.bin/uglifyjs']
47 error   errno: 3,
47 error   code: 'EACCES',
47 error   path: '/Users/thiagoporto/Projetos/aulas/waibtec/node_modules/jade/node_modules/constantinople/node_modules/.bin/uglifyjs' }
48 error Please try running this command again as root/Administrator.
49 error System Darwin 13.1.0
50 error command "node" "/usr/local/bin/npm" "install"
51 error cwd /Users/thiagoporto/Projetos/aulas/waibtec
52 error node -v v0.10.25
53 error npm -v 1.3.24
54 error path /Users/thiagoporto/Projetos/aulas/waibtec/node_modules/jade/node_modules/constantinople/node_modules/.bin/uglifyjs
55 error code EACCES
56 error errno 3
57 error stack Error: EACCES, unlink '/Users/thiagoporto/Projetos/aulas/waibtec/node_modules/jade/node_modules/constantinople/node_modules/.bin/uglifyjs'
58 verbose exit [ 3, true ]
